
════════════════════════════════════════════════════════════
  SysOpt v3.0.0 (Dev)  —  Sesión iniciada: 2026-02-25 00:10:58
  Usuario: danyr  |  Host: LENOVO-DANY
════════════════════════════════════════════════════════════
[00:10:58][INFO] Sesión cerrada por el usuario.

════════════════════════════════════════════════════════════
  SysOpt v3.0.0 (Dev)  —  Sesión iniciada: 2026-02-25 00:11:04
  Usuario: danyr  |  Host: LENOVO-DANY
════════════════════════════════════════════════════════════
[00:11:04][INFO] ═══════════════════════════════════════════════════════════
[00:11:04][INFO] SysOpt - Windows Optimizer GUI — VERSIÓN 3.1.0
[00:11:04][INFO] ═══════════════════════════════════════════════════════════
[00:11:04][INFO] Sistema iniciado correctamente
[00:11:04][INFO] 
[00:11:04][INFO] Selecciona las opciones y presiona '▶ Iniciar Optimización'
[00:11:04][INFO]   o '🔍 Analizar' para ver qué se liberaría sin cambios.
[00:11:04][INFO] 
[00:11:04][INFO] 💡 Ver novedades de la versión: botón  ℹ  en la barra superior.
[00:11:04][INFO] 
[00:11:04][INFO] [WMI] CimSession creada (timeout=5s)
[00:12:33][INFO] [TASK] Iniciada: Cargando historial de snapshots
[00:12:40][INFO] Sesión cerrada por el usuario.

════════════════════════════════════════════════════════════
  SysOpt v3.0.0 (Dev)  —  Sesión iniciada: 2026-02-25 00:25:17
  Usuario: danyr  |  Host: LENOVO-DANY
════════════════════════════════════════════════════════════
[00:25:17][INFO] ═══════════════════════════════════════════════════════════
[00:25:17][INFO] SysOpt - Windows Optimizer GUI — VERSIÓN 3.1.0
[00:25:17][INFO] ═══════════════════════════════════════════════════════════
[00:25:17][INFO] Sistema iniciado correctamente
[00:25:17][INFO] 
[00:25:17][INFO] Selecciona las opciones y presiona '▶ Iniciar Optimización'
[00:25:17][INFO]   o '🔍 Analizar' para ver qué se liberaría sin cambios.
[00:25:17][INFO] 
[00:25:17][INFO] 💡 Ver novedades de la versión: botón  ℹ  en la barra superior.
[00:25:17][INFO] 
[00:25:17][INFO] [WMI] CimSession creada (timeout=5s)
[00:25:36][INFO] [TASK] Iniciada: Cargando historial de snapshots
[00:25:46][INFO] [TASK] Completada (done): Cargando historial de snapshots
[00:26:12][ERROR] [ERR-DISPATCHER] El término 'Write-ConsoleDebug' no se reconoce como nombre de un cmdlet, función, archivo de script o programa ejecutable. Compruebe si escribió correctamente el nombre o, si incluyó una ruta de acceso, compruebe que dicha ruta es correcta e inténtelo de nuevo.
   en System.Management.Automation.ExceptionHandlingOps.CheckActionPreference(FunctionContext funcContext, Exception exception)
   en System.Management.Automation.Interpreter.ActionCallInstruction`2.Run(InterpretedFrame frame)
   en System.Management.Automation.Interpreter.EnterTryCatchFinallyInstruction.Run(InterpretedFrame frame)
   en System.Management.Automation.Interpreter.EnterTryCatchFinallyInstruction.Run(InterpretedFrame frame)
   en System.Management.Automation.Interpreter.Interpreter.Run(InterpretedFrame frame)
   en System.Management.Automation.Interpreter.LightLambda.RunVoid1[T0](T0 arg0)
   en System.Management.Automation.ScriptBlock.InvokeWithPipeImpl(ScriptBlockClauseToInvoke clauseToInvoke, Boolean createLocalScope, Dictionary`2 functionsToDefine, List`1 variablesToDefine, ErrorHandlingBehavior errorHandlingBehavior, Object dollarUnder, Object input, Object scriptThis, Pipe outputPipe, InvocationInfo invocationInfo, Object[] args)
   en System.Management.Automation.ScriptBlock.<>c__DisplayClass57_0.<InvokeWithPipe>b__0()
   en System.Management.Automation.Runspaces.RunspaceBase.RunActionIfNoRunningPipelinesWithThreadCheck(Action action)
   en System.Management.Automation.ScriptBlock.InvokeWithPipe(Boolean useLocalScope, ErrorHandlingBehavior errorHandlingBehavior, Object dollarUnder, Object input, Object scriptThis, Pipe outputPipe, InvocationInfo invocationInfo, Boolean propagateAllExceptionsToTop, List`1 variablesToDefine, Dictionary`2 functionsToDefine, Object[] args)
   en System.Management.Automation.ScriptBlock.InvokeAsDelegateHelper(Object dollarUnder, Object dollarThis, Object[] args)
   en System.Windows.EventRoute.InvokeHandlersImpl(Object source, RoutedEventArgs args, Boolean reRaised)
   en System.Windows.UIElement.RaiseEventImpl(DependencyObject sender, RoutedEventArgs args)
   en System.Windows.Controls.Primitives.ButtonBase.OnClick()
   en System.Windows.Controls.Button.OnClick()
   en System.Windows.Controls.Primitives.ButtonBase.OnMouseLeftButtonUp(MouseButtonEventArgs e)
   en System.Windows.RoutedEventArgs.InvokeHandler(Delegate handler, Object target)
   en System.Windows.RoutedEventHandlerInfo.InvokeHandler(Object target, RoutedEventArgs routedEventArgs)
   en System.Windows.EventRoute.InvokeHandlersImpl(Object source, RoutedEventArgs args, Boolean reRaised)
   en System.Windows.UIElement.ReRaiseEventAs(DependencyObject sender, RoutedEventArgs args, RoutedEvent newEvent)
   en System.Windows.UIElement.OnMouseUpThunk(Object sender, MouseButtonEventArgs e)
   en System.Windows.RoutedEventArgs.InvokeHandler(Delegate handler, Object target)
   en System.Windows.RoutedEventHandlerInfo.InvokeHandler(Object target, RoutedEventArgs routedEventArgs)
   en System.Windows.EventRoute.InvokeHandlersImpl(Object source, RoutedEventArgs args, Boolean reRaised)
   en System.Windows.UIElement.RaiseEventImpl(DependencyObject sender, RoutedEventArgs args)
   en System.Windows.UIElement.RaiseTrustedEvent(RoutedEventArgs args)
   en System.Windows.Input.InputManager.ProcessStagingArea()
   en System.Windows.Input.InputManager.ProcessInput(InputEventArgs input)
   en System.Windows.Input.InputProviderSite.ReportInput(InputReport inputReport)
   en System.Windows.Interop.HwndMouseInputProvider.ReportInput(IntPtr hwnd, InputMode mode, Int32 timestamp, RawMouseActions actions, Int32 x, Int32 y, Int32 wheel)
   en System.Windows.Interop.HwndMouseInputProvider.FilterMessage(IntPtr hwnd, WindowMessage msg, IntPtr wParam, IntPtr lParam, Boolean& handled)
   en System.Windows.Interop.HwndSource.InputFilterMessage(IntPtr hwnd, Int32 msg, IntPtr wParam, IntPtr lParam, Boolean& handled)
   en MS.Win32.HwndWrapper.WndProc(IntPtr hwnd, Int32 msg, IntPtr wParam, IntPtr lParam, Boolean& handled)
   en MS.Win32.HwndSubclass.DispatcherCallbackOperation(Object o)
   en System.Windows.Threading.ExceptionWrapper.InternalRealCall(Delegate callback, Object args, Int32 numArgs)
   en System.Windows.Threading.ExceptionWrapper.TryCatchWhen(Object source, Delegate callback, Object args, Int32 numArgs, Delegate catchHandler)
[00:27:41][INFO] Sesión cerrada por el usuario.

════════════════════════════════════════════════════════════
  SysOpt v3.0.0 (Dev)  —  Sesión iniciada: 2026-02-25 00:27:45
  Usuario: danyr  |  Host: LENOVO-DANY
════════════════════════════════════════════════════════════
[00:27:45][INFO] ═══════════════════════════════════════════════════════════
[00:27:45][INFO] SysOpt - Windows Optimizer GUI — VERSIÓN 3.1.0
[00:27:45][INFO] ═══════════════════════════════════════════════════════════
[00:27:45][INFO] Sistema iniciado correctamente
[00:27:45][INFO] 
[00:27:45][INFO] Selecciona las opciones y presiona '▶ Iniciar Optimización'
[00:27:45][INFO]   o '🔍 Analizar' para ver qué se liberaría sin cambios.
[00:27:45][INFO] 
[00:27:45][INFO] 💡 Ver novedades de la versión: botón  ℹ  en la barra superior.
[00:27:45][INFO] 
[00:27:45][INFO] [WMI] CimSession creada (timeout=5s)
[00:27:59][ERROR] [ERR-DISPATCHER] El término 'Write-ConsoleDebug' no se reconoce como nombre de un cmdlet, función, archivo de script o programa ejecutable. Compruebe si escribió correctamente el nombre o, si incluyó una ruta de acceso, compruebe que dicha ruta es correcta e inténtelo de nuevo.
   en System.Management.Automation.ExceptionHandlingOps.CheckActionPreference(FunctionContext funcContext, Exception exception)
   en System.Management.Automation.Interpreter.ActionCallInstruction`2.Run(InterpretedFrame frame)
   en System.Management.Automation.Interpreter.EnterTryCatchFinallyInstruction.Run(InterpretedFrame frame)
   en System.Management.Automation.Interpreter.EnterTryCatchFinallyInstruction.Run(InterpretedFrame frame)
   en System.Management.Automation.Interpreter.Interpreter.Run(InterpretedFrame frame)
   en System.Management.Automation.Interpreter.LightLambda.RunVoid1[T0](T0 arg0)
   en System.Management.Automation.ScriptBlock.InvokeWithPipeImpl(ScriptBlockClauseToInvoke clauseToInvoke, Boolean createLocalScope, Dictionary`2 functionsToDefine, List`1 variablesToDefine, ErrorHandlingBehavior errorHandlingBehavior, Object dollarUnder, Object input, Object scriptThis, Pipe outputPipe, InvocationInfo invocationInfo, Object[] args)
   en System.Management.Automation.ScriptBlock.<>c__DisplayClass57_0.<InvokeWithPipe>b__0()
   en System.Management.Automation.Runspaces.RunspaceBase.RunActionIfNoRunningPipelinesWithThreadCheck(Action action)
   en System.Management.Automation.ScriptBlock.InvokeWithPipe(Boolean useLocalScope, ErrorHandlingBehavior errorHandlingBehavior, Object dollarUnder, Object input, Object scriptThis, Pipe outputPipe, InvocationInfo invocationInfo, Boolean propagateAllExceptionsToTop, List`1 variablesToDefine, Dictionary`2 functionsToDefine, Object[] args)
   en System.Management.Automation.ScriptBlock.InvokeAsDelegateHelper(Object dollarUnder, Object dollarThis, Object[] args)
   en System.Windows.EventRoute.InvokeHandlersImpl(Object source, RoutedEventArgs args, Boolean reRaised)
   en System.Windows.UIElement.RaiseEventImpl(DependencyObject sender, RoutedEventArgs args)
   en System.Windows.Controls.Primitives.ButtonBase.OnClick()
   en System.Windows.Controls.Button.OnClick()
   en System.Windows.Controls.Primitives.ButtonBase.OnMouseLeftButtonUp(MouseButtonEventArgs e)
   en System.Windows.RoutedEventArgs.InvokeHandler(Delegate handler, Object target)
   en System.Windows.RoutedEventHandlerInfo.InvokeHandler(Object target, RoutedEventArgs routedEventArgs)
   en System.Windows.EventRoute.InvokeHandlersImpl(Object source, RoutedEventArgs args, Boolean reRaised)
   en System.Windows.UIElement.ReRaiseEventAs(DependencyObject sender, RoutedEventArgs args, RoutedEvent newEvent)
   en System.Windows.UIElement.OnMouseUpThunk(Object sender, MouseButtonEventArgs e)
   en System.Windows.RoutedEventArgs.InvokeHandler(Delegate handler, Object target)
   en System.Windows.RoutedEventHandlerInfo.InvokeHandler(Object target, RoutedEventArgs routedEventArgs)
   en System.Windows.EventRoute.InvokeHandlersImpl(Object source, RoutedEventArgs args, Boolean reRaised)
   en System.Windows.UIElement.RaiseEventImpl(DependencyObject sender, RoutedEventArgs args)
   en System.Windows.UIElement.RaiseTrustedEvent(RoutedEventArgs args)
   en System.Windows.Input.InputManager.ProcessStagingArea()
   en System.Windows.Input.InputManager.ProcessInput(InputEventArgs input)
   en System.Windows.Input.InputProviderSite.ReportInput(InputReport inputReport)
   en System.Windows.Interop.HwndMouseInputProvider.ReportInput(IntPtr hwnd, InputMode mode, Int32 timestamp, RawMouseActions actions, Int32 x, Int32 y, Int32 wheel)
   en System.Windows.Interop.HwndMouseInputProvider.FilterMessage(IntPtr hwnd, WindowMessage msg, IntPtr wParam, IntPtr lParam, Boolean& handled)
   en System.Windows.Interop.HwndSource.InputFilterMessage(IntPtr hwnd, Int32 msg, IntPtr wParam, IntPtr lParam, Boolean& handled)
   en MS.Win32.HwndWrapper.WndProc(IntPtr hwnd, Int32 msg, IntPtr wParam, IntPtr lParam, Boolean& handled)
   en MS.Win32.HwndSubclass.DispatcherCallbackOperation(Object o)
   en System.Windows.Threading.ExceptionWrapper.InternalRealCall(Delegate callback, Object args, Int32 numArgs)
   en System.Windows.Threading.ExceptionWrapper.TryCatchWhen(Object source, Delegate callback, Object args, Int32 numArgs, Delegate catchHandler)
[00:28:13][INFO] Sesión cerrada por el usuario.

════════════════════════════════════════════════════════════
  SysOpt v3.0.0 (Dev)  —  Sesión iniciada: 2026-02-25 00:41:20
  Usuario: danyr  |  Host: LENOVO-DANY
════════════════════════════════════════════════════════════
[00:41:20][INFO] ═══════════════════════════════════════════════════════════
[00:41:20][INFO] SysOpt - Windows Optimizer GUI — VERSIÓN 3.1.0
[00:41:20][INFO] ═══════════════════════════════════════════════════════════
[00:41:20][INFO] Sistema iniciado correctamente
[00:41:20][INFO] 
[00:41:20][INFO] Selecciona las opciones y presiona '▶ Iniciar Optimización'
[00:41:20][INFO]   o '🔍 Analizar' para ver qué se liberaría sin cambios.
[00:41:20][INFO] 
[00:41:20][INFO] 💡 Ver novedades de la versión: botón  ℹ  en la barra superior.
[00:41:20][INFO] 
[00:41:20][INFO] [WMI] CimSession creada (timeout=5s)
[00:41:32][INFO] [TASK] Iniciada: Escaneo: C:\
[00:41:43][INFO] [TASK] Iniciada: Cargando historial de snapshots
[00:41:55][INFO] [TASK] Completada (done): Cargando historial de snapshots
[00:43:01][INFO] Sesión cerrada por el usuario.

════════════════════════════════════════════════════════════
  SysOpt v3.0.0 (Dev)  —  Sesión iniciada: 2026-02-25 01:09:13
  Usuario: danyr  |  Host: LENOVO-DANY
════════════════════════════════════════════════════════════
[01:09:13][INFO] ═══════════════════════════════════════════════════════════
[01:09:13][INFO] SysOpt - Windows Optimizer GUI — VERSIÓN 3.1.0
[01:09:13][INFO] ═══════════════════════════════════════════════════════════
[01:09:13][INFO] Sistema iniciado correctamente
[01:09:13][INFO] 
[01:09:13][INFO] Selecciona las opciones y presiona '▶ Iniciar Optimización'
[01:09:13][INFO]   o '🔍 Analizar' para ver qué se liberaría sin cambios.
[01:09:13][INFO] 
[01:09:13][INFO] 💡 Ver novedades de la versión: botón  ℹ  en la barra superior.
[01:09:13][INFO] 
[01:09:13][INFO] [WMI] CimSession creada (timeout=5s)
[01:14:21][INFO] [TASK] Iniciada: Escaneo: C:\
[01:14:23][INFO] [TASK] Iniciada: Cargando historial de snapshots
[01:14:37][INFO] [TASK] Completada (done): Cargando historial de snapshots
[01:14:38][INFO] [TASK] Iniciada: Cargando snapshot — Escaneo 24/02/2026 14:33
[01:16:15][INFO] Sesión cerrada por el usuario.

════════════════════════════════════════════════════════════
  SysOpt v3.0.0 (Dev)  —  Sesión iniciada: 2026-02-25 01:16:31
  Usuario: danyr  |  Host: LENOVO-DANY
════════════════════════════════════════════════════════════
[01:16:31][INFO] ═══════════════════════════════════════════════════════════
[01:16:31][INFO] SysOpt - Windows Optimizer GUI — VERSIÓN 3.1.0
[01:16:31][INFO] ═══════════════════════════════════════════════════════════
[01:16:31][INFO] Sistema iniciado correctamente
[01:16:31][INFO] 
[01:16:31][INFO] Selecciona las opciones y presiona '▶ Iniciar Optimización'
[01:16:31][INFO]   o '🔍 Analizar' para ver qué se liberaría sin cambios.
[01:16:31][INFO] 
[01:16:31][INFO] 💡 Ver novedades de la versión: botón  ℹ  en la barra superior.
[01:16:31][INFO] 
[01:16:32][INFO] [WMI] CimSession creada (timeout=5s)
[01:17:04][INFO] Sesión cerrada por el usuario.

════════════════════════════════════════════════════════════
  SysOpt v3.0.0 (Dev)  —  Sesión iniciada: 2026-02-25 01:23:21
  Usuario: danyr  |  Host: LENOVO-DANY
════════════════════════════════════════════════════════════
[01:23:22][INFO] ═══════════════════════════════════════════════════════════
[01:23:22][INFO] SysOpt - Windows Optimizer GUI — VERSIÓN 3.1.0
[01:23:22][INFO] ═══════════════════════════════════════════════════════════
[01:23:22][INFO] Sistema iniciado correctamente
[01:23:22][INFO] 
[01:23:22][INFO] Selecciona las opciones y presiona '▶ Iniciar Optimización'
[01:23:22][INFO]   o '🔍 Analizar' para ver qué se liberaría sin cambios.
[01:23:22][INFO] 
[01:23:22][INFO] 💡 Ver novedades de la versión: botón  ℹ  en la barra superior.
[01:23:22][INFO] 
[01:23:22][INFO] [WMI] CimSession creada (timeout=5s)
[01:24:21][INFO] Sesión cerrada por el usuario.

════════════════════════════════════════════════════════════
  SysOpt v3.0.0 (Dev)  —  Sesión iniciada: 2026-02-25 01:24:23
  Usuario: danyr  |  Host: LENOVO-DANY
════════════════════════════════════════════════════════════
[01:24:23][INFO] ═══════════════════════════════════════════════════════════
[01:24:23][INFO] SysOpt - Windows Optimizer GUI — VERSIÓN 3.1.0
[01:24:23][INFO] ═══════════════════════════════════════════════════════════
[01:24:23][INFO] Sistema iniciado correctamente
[01:24:23][INFO] 
[01:24:23][INFO] Selecciona las opciones y presiona '▶ Iniciar Optimización'
[01:24:23][INFO]   o '🔍 Analizar' para ver qué se liberaría sin cambios.
[01:24:23][INFO] 
[01:24:23][INFO] 💡 Ver novedades de la versión: botón  ℹ  en la barra superior.
[01:24:23][INFO] 
[01:24:23][INFO] [WMI] CimSession creada (timeout=5s)
[01:33:06][INFO] Sesión cerrada por el usuario.

════════════════════════════════════════════════════════════
  SysOpt v3.0.0 (Dev)  —  Sesión iniciada: 2026-02-25 01:33:15
  Usuario: danyr  |  Host: LENOVO-DANY
════════════════════════════════════════════════════════════
[01:33:15][INFO] ═══════════════════════════════════════════════════════════
[01:33:15][INFO] SysOpt - Windows Optimizer GUI — VERSIÓN 3.1.0
[01:33:15][INFO] ═══════════════════════════════════════════════════════════
[01:33:15][INFO] Sistema iniciado correctamente
[01:33:15][INFO] 
[01:33:15][INFO] Selecciona las opciones y presiona '▶ Iniciar Optimización'
[01:33:15][INFO]   o '🔍 Analizar' para ver qué se liberaría sin cambios.
[01:33:15][INFO] 
[01:33:15][INFO] 💡 Ver novedades de la versión: botón  ℹ  en la barra superior.
[01:33:15][INFO] 
[01:33:16][INFO] [WMI] CimSession creada (timeout=5s)
[01:34:10][INFO] Sesión cerrada por el usuario.
